0 silly input [ 'build' ]
1 silly flags { _: [ 'run' ],
1 silly flags   'reject-cycles': false,
1 silly flags   rejectCycles: false,
1 silly flags   script: 'build',
1 silly flags   args: [] }
2 verbose rootPath /Users/adlab/Work/Projects/CDMB/zipkin-graphql
3 info version 2.11.0
4 silly existsSync /Users/adlab/Work/Projects/CDMB/zipkin-graphql/VERSION
5 silly initialize attempt
6 silly initialize success
7 silly execute attempt
8 silly runScriptInDir build [] browser
9 silly getExecOpts { cwd:
9 silly getExecOpts    '/Users/adlab/Work/Projects/CDMB/zipkin-graphql/packages/browser' }
10 silly runScriptInDir build [] server
11 silly getExecOpts { cwd:
11 silly getExecOpts    '/Users/adlab/Work/Projects/CDMB/zipkin-graphql/packages/server' }
12 error build Errored while running script in '@zipkin-graphql/server'
13 error execute callback with error
14 error Error: Command failed: npm run build
14 error npm ERR! code ELIFECYCLE
14 error npm ERR! errno 2
14 error npm ERR! @zipkin-graphql/server@0.0.1 build: `tsc -p .`
14 error npm ERR! Exit status 2
14 error npm ERR!
14 error npm ERR! Failed at the @zipkin-graphql/server@0.0.1 build script.
14 error npm ERR! This is probably not a problem with npm. There is likely additional logging output above.
14 error
14 error npm ERR! A complete log of this run can be found in:
14 error npm ERR!     /Users/adlab/.npm/_logs/2018-12-06T16_26_40_391Z-debug.log
14 error
14 error > @zipkin-graphql/server@0.0.1 build /Users/adlab/Work/Projects/CDMB/zipkin-graphql/packages/server
14 error > tsc -p .
14 error
14 error [96mnode_modules/graphql-extensions/dist/index.d.ts[0m:[93m4[0m:[93m56[0m - [91merror[0m[90m TS2307: [0mCannot find module 'apollo-server-core/dist/requestPipelineAPI'.
14 error
14 error [7m4[0m import { GraphQLResponse, GraphQLRequestContext } from 'apollo-server-core/dist/requestPipelineAPI';
14 error [7m [0m [91m                                                       ~~~~~~~~~~~~~~~~~~~~~~~~~~~~~~~~~~~~~~~~~~~~[0m
14 error
14 error
14 error Found 1 error.
14 error
14 error
14 error     at Promise.all.then.arr (/Users/adlab/Work/Projects/CDMB/zipkin-graphql/node_modules/lerna/node_modules/execa/index.js:236:11)
